Performance Statistics   2017-10-03 12:14:00 - 2017-10-03 12:15:00
Tag                                                  Avg(ms)         Min         Max     Std Dev       Count

Performance Statistics   2017-10-03 12:15:00 - 2017-10-03 12:16:00
Tag                                                  Avg(ms)         Min         Max     Std Dev       Count

Performance Statistics   2017-10-03 12:16:00 - 2017-10-03 12:17:00
Tag                                                  Avg(ms)         Min         Max     Std Dev       Count

Performance Statistics   2017-10-03 12:17:00 - 2017-10-03 12:18:00
Tag                                                  Avg(ms)         Min         Max     Std Dev       Count

Performance Statistics   2017-10-03 12:18:00 - 2017-10-03 12:19:00
Tag                                                  Avg(ms)         Min         Max     Std Dev       Count
CREATE_TICKET_GRANTING_TICKET                           10.0          10          10         0.0           1
GRANT_PROXY_GRANTING_TICKET                              1.0           1           1         0.0           1
GRANT_SERVICE_TICKET                                     3.0           3           3         0.0           1
VALIDATE_SERVICE_TICKET                                  7.0           7           7         0.0           1

Performance Statistics   2017-10-03 12:19:00 - 2017-10-03 12:20:00
Tag                                                  Avg(ms)         Min         Max     Std Dev       Count

Performance Statistics   2017-10-03 12:20:00 - 2017-10-03 12:21:00
Tag                                                  Avg(ms)         Min         Max     Std Dev       Count
GRANT_PROXY_GRANTING_TICKET                              0.0           0           0         0.0           1
GRANT_SERVICE_TICKET                                     2.0           2           2         0.0           1
VALIDATE_SERVICE_TICKET                                  1.0           1           1         0.0           1

Performance Statistics   2017-10-03 12:25:00 - 2017-10-03 12:26:00
Tag                                                  Avg(ms)         Min         Max     Std Dev       Count
CREATE_TICKET_GRANTING_TICKET                           11.0          11          11         0.0           1
GRANT_PROXY_GRANTING_TICKET                              1.0           1           1         0.0           1
GRANT_SERVICE_TICKET                                     3.0           3           3         0.0           1
VALIDATE_SERVICE_TICKET                                  3.0           3           3         0.0           1

Performance Statistics   2017-10-04 12:37:00 - 2017-10-04 12:38:00
Tag                                                  Avg(ms)         Min         Max     Std Dev       Count

Performance Statistics   2017-10-04 12:38:00 - 2017-10-04 12:39:00
Tag                                                  Avg(ms)         Min         Max     Std Dev       Count

Performance Statistics   2017-10-04 12:39:00 - 2017-10-04 12:40:00
Tag                                                  Avg(ms)         Min         Max     Std Dev       Count

Performance Statistics   2017-10-04 12:40:00 - 2017-10-04 12:41:00
Tag                                                  Avg(ms)         Min         Max     Std Dev       Count

Performance Statistics   2017-10-04 12:41:00 - 2017-10-04 12:42:00
Tag                                                  Avg(ms)         Min         Max     Std Dev       Count

Performance Statistics   2017-10-04 12:42:00 - 2017-10-04 12:43:00
Tag                                                  Avg(ms)         Min         Max     Std Dev       Count

Performance Statistics   2017-10-04 12:43:00 - 2017-10-04 12:44:00
Tag                                                  Avg(ms)         Min         Max     Std Dev       Count

Performance Statistics   2017-10-04 12:44:00 - 2017-10-04 12:45:00
Tag                                                  Avg(ms)         Min         Max     Std Dev       Count

Performance Statistics   2017-10-04 12:45:00 - 2017-10-04 12:46:00
Tag                                                  Avg(ms)         Min         Max     Std Dev       Count

Performance Statistics   2017-10-04 12:46:00 - 2017-10-04 12:47:00
Tag                                                  Avg(ms)         Min         Max     Std Dev       Count

Performance Statistics   2017-10-04 12:47:00 - 2017-10-04 12:48:00
Tag                                                  Avg(ms)         Min         Max     Std Dev       Count

Performance Statistics   2017-10-04 12:48:00 - 2017-10-04 12:49:00
Tag                                                  Avg(ms)         Min         Max     Std Dev       Count

Performance Statistics   2017-10-04 12:49:00 - 2017-10-04 12:50:00
Tag                                                  Avg(ms)         Min         Max     Std Dev       Count

Performance Statistics   2017-10-04 12:50:00 - 2017-10-04 12:51:00
Tag                                                  Avg(ms)         Min         Max     Std Dev       Count

Performance Statistics   2017-10-04 12:51:00 - 2017-10-04 12:52:00
Tag                                                  Avg(ms)         Min         Max     Std Dev       Count

Performance Statistics   2017-10-04 12:52:00 - 2017-10-04 12:53:00
Tag                                                  Avg(ms)         Min         Max     Std Dev       Count

Performance Statistics   2017-10-04 12:53:00 - 2017-10-04 12:54:00
Tag                                                  Avg(ms)         Min         Max     Std Dev       Count

Performance Statistics   2017-10-04 12:56:00 - 2017-10-04 12:57:00
Tag                                                  Avg(ms)         Min         Max     Std Dev       Count

Performance Statistics   2017-10-04 12:57:00 - 2017-10-04 12:58:00
Tag                                                  Avg(ms)         Min         Max     Std Dev       Count

Performance Statistics   2017-10-04 12:58:00 - 2017-10-04 12:59:00
Tag                                                  Avg(ms)         Min         Max     Std Dev       Count

Performance Statistics   2017-10-04 12:59:00 - 2017-10-04 13:00:00
Tag                                                  Avg(ms)         Min         Max     Std Dev       Count

Performance Statistics   2017-10-04 13:00:00 - 2017-10-04 13:01:00
Tag                                                  Avg(ms)         Min         Max     Std Dev       Count

Performance Statistics   2017-10-04 13:01:00 - 2017-10-04 13:02:00
Tag                                                  Avg(ms)         Min         Max     Std Dev       Count

Performance Statistics   2017-10-04 13:02:00 - 2017-10-04 13:03:00
Tag                                                  Avg(ms)         Min         Max     Std Dev       Count

Performance Statistics   2017-10-04 13:03:00 - 2017-10-04 13:04:00
Tag                                                  Avg(ms)         Min         Max     Std Dev       Count

Performance Statistics   2017-10-04 13:04:00 - 2017-10-04 13:05:00
Tag                                                  Avg(ms)         Min         Max     Std Dev       Count

Performance Statistics   2017-10-04 13:05:00 - 2017-10-04 13:06:00
Tag                                                  Avg(ms)         Min         Max     Std Dev       Count

Performance Statistics   2017-10-04 13:06:00 - 2017-10-04 13:07:00
Tag                                                  Avg(ms)         Min         Max     Std Dev       Count

Performance Statistics   2017-10-04 13:07:00 - 2017-10-04 13:08:00
Tag                                                  Avg(ms)         Min         Max     Std Dev       Count

Performance Statistics   2017-10-04 13:08:00 - 2017-10-04 13:09:00
Tag                                                  Avg(ms)         Min         Max     Std Dev       Count

Performance Statistics   2017-10-04 13:09:00 - 2017-10-04 13:10:00
Tag                                                  Avg(ms)         Min         Max     Std Dev       Count

Performance Statistics   2017-10-04 13:10:00 - 2017-10-04 13:11:00
Tag                                                  Avg(ms)         Min         Max     Std Dev       Count

Performance Statistics   2017-10-04 13:11:00 - 2017-10-04 13:12:00
Tag                                                  Avg(ms)         Min         Max     Std Dev       Count

Performance Statistics   2017-10-04 13:12:00 - 2017-10-04 13:13:00
Tag                                                  Avg(ms)         Min         Max     Std Dev       Count

Performance Statistics   2017-10-04 13:13:00 - 2017-10-04 13:14:00
Tag                                                  Avg(ms)         Min         Max     Std Dev       Count

Performance Statistics   2017-10-04 13:14:00 - 2017-10-04 13:15:00
Tag                                                  Avg(ms)         Min         Max     Std Dev       Count

Performance Statistics   2017-10-04 13:15:00 - 2017-10-04 13:16:00
Tag                                                  Avg(ms)         Min         Max     Std Dev       Count

Performance Statistics   2017-10-04 13:16:00 - 2017-10-04 13:17:00
Tag                                                  Avg(ms)         Min         Max     Std Dev       Count

Performance Statistics   2017-10-04 13:17:00 - 2017-10-04 13:18:00
Tag                                                  Avg(ms)         Min         Max     Std Dev       Count

Performance Statistics   2017-10-04 13:18:00 - 2017-10-04 13:19:00
Tag                                                  Avg(ms)         Min         Max     Std Dev       Count

Performance Statistics   2017-10-04 13:19:00 - 2017-10-04 13:20:00
Tag                                                  Avg(ms)         Min         Max     Std Dev       Count

Performance Statistics   2017-10-04 13:20:00 - 2017-10-04 13:21:00
Tag                                                  Avg(ms)         Min         Max     Std Dev       Count

Performance Statistics   2017-10-04 13:21:00 - 2017-10-04 13:22:00
Tag                                                  Avg(ms)         Min         Max     Std Dev       Count

Performance Statistics   2017-10-04 13:22:00 - 2017-10-04 13:23:00
Tag                                                  Avg(ms)         Min         Max     Std Dev       Count

Performance Statistics   2017-10-04 13:23:00 - 2017-10-04 13:24:00
Tag                                                  Avg(ms)         Min         Max     Std Dev       Count

Performance Statistics   2017-10-04 13:24:00 - 2017-10-04 13:25:00
Tag                                                  Avg(ms)         Min         Max     Std Dev       Count

Performance Statistics   2017-10-04 13:25:00 - 2017-10-04 13:26:00
Tag                                                  Avg(ms)         Min         Max     Std Dev       Count

Performance Statistics   2017-10-04 13:26:00 - 2017-10-04 13:27:00
Tag                                                  Avg(ms)         Min         Max     Std Dev       Count

Performance Statistics   2017-10-04 13:27:00 - 2017-10-04 13:28:00
Tag                                                  Avg(ms)         Min         Max     Std Dev       Count

Performance Statistics   2017-10-04 13:28:00 - 2017-10-04 13:29:00
Tag                                                  Avg(ms)         Min         Max     Std Dev       Count

Performance Statistics   2017-10-04 13:29:00 - 2017-10-04 13:30:00
Tag                                                  Avg(ms)         Min         Max     Std Dev       Count

Performance Statistics   2017-10-04 13:30:00 - 2017-10-04 13:31:00
Tag                                                  Avg(ms)         Min         Max     Std Dev       Count

Performance Statistics   2017-10-04 13:31:00 - 2017-10-04 13:32:00
Tag                                                  Avg(ms)         Min         Max     Std Dev       Count

Performance Statistics   2017-10-04 13:32:00 - 2017-10-04 13:33:00
Tag                                                  Avg(ms)         Min         Max     Std Dev       Count

Performance Statistics   2017-10-04 13:33:00 - 2017-10-04 13:34:00
Tag                                                  Avg(ms)         Min         Max     Std Dev       Count

Performance Statistics   2017-10-04 13:34:00 - 2017-10-04 13:35:00
Tag                                                  Avg(ms)         Min         Max     Std Dev       Count

Performance Statistics   2017-10-04 13:35:00 - 2017-10-04 13:36:00
Tag                                                  Avg(ms)         Min         Max     Std Dev       Count

Performance Statistics   2017-10-04 13:36:00 - 2017-10-04 13:37:00
Tag                                                  Avg(ms)         Min         Max     Std Dev       Count

Performance Statistics   2017-10-04 13:37:00 - 2017-10-04 13:38:00
Tag                                                  Avg(ms)         Min         Max     Std Dev       Count

Performance Statistics   2017-10-04 13:38:00 - 2017-10-04 13:39:00
Tag                                                  Avg(ms)         Min         Max     Std Dev       Count

Performance Statistics   2017-10-04 13:39:00 - 2017-10-04 13:40:00
Tag                                                  Avg(ms)         Min         Max     Std Dev       Count

Performance Statistics   2017-10-04 13:40:00 - 2017-10-04 13:41:00
Tag                                                  Avg(ms)         Min         Max     Std Dev       Count

Performance Statistics   2017-10-04 13:41:00 - 2017-10-04 13:42:00
Tag                                                  Avg(ms)         Min         Max     Std Dev       Count

Performance Statistics   2017-10-04 13:42:00 - 2017-10-04 13:43:00
Tag                                                  Avg(ms)         Min         Max     Std Dev       Count

Performance Statistics   2017-10-04 13:43:00 - 2017-10-04 13:44:00
Tag                                                  Avg(ms)         Min         Max     Std Dev       Count

Performance Statistics   2017-10-04 13:44:00 - 2017-10-04 13:45:00
Tag                                                  Avg(ms)         Min         Max     Std Dev       Count

Performance Statistics   2017-10-04 13:45:00 - 2017-10-04 13:46:00
Tag                                                  Avg(ms)         Min         Max     Std Dev       Count

Performance Statistics   2017-10-04 13:46:00 - 2017-10-04 13:47:00
Tag                                                  Avg(ms)         Min         Max     Std Dev       Count

Performance Statistics   2017-10-04 13:47:00 - 2017-10-04 13:48:00
Tag                                                  Avg(ms)         Min         Max     Std Dev       Count

Performance Statistics   2017-10-04 13:48:00 - 2017-10-04 13:49:00
Tag                                                  Avg(ms)         Min         Max     Std Dev       Count

Performance Statistics   2017-10-04 13:49:00 - 2017-10-04 13:50:00
Tag                                                  Avg(ms)         Min         Max     Std Dev       Count

Performance Statistics   2017-10-04 13:50:00 - 2017-10-04 13:51:00
Tag                                                  Avg(ms)         Min         Max     Std Dev       Count

Performance Statistics   2017-10-04 13:51:00 - 2017-10-04 13:52:00
Tag                                                  Avg(ms)         Min         Max     Std Dev       Count

Performance Statistics   2017-10-04 13:52:00 - 2017-10-04 13:53:00
Tag                                                  Avg(ms)         Min         Max     Std Dev       Count

Performance Statistics   2017-10-04 13:53:00 - 2017-10-04 13:54:00
Tag                                                  Avg(ms)         Min         Max     Std Dev       Count

Performance Statistics   2017-10-04 13:54:00 - 2017-10-04 13:55:00
Tag                                                  Avg(ms)         Min         Max     Std Dev       Count

Performance Statistics   2017-10-04 13:55:00 - 2017-10-04 13:56:00
Tag                                                  Avg(ms)         Min         Max     Std Dev       Count

Performance Statistics   2017-10-04 13:56:00 - 2017-10-04 13:57:00
Tag                                                  Avg(ms)         Min         Max     Std Dev       Count

Performance Statistics   2017-10-04 13:57:00 - 2017-10-04 13:58:00
Tag                                                  Avg(ms)         Min         Max     Std Dev       Count

Performance Statistics   2017-10-04 13:58:00 - 2017-10-04 13:59:00
Tag                                                  Avg(ms)         Min         Max     Std Dev       Count

Performance Statistics   2017-10-04 13:59:00 - 2017-10-04 14:00:00
Tag                                                  Avg(ms)         Min         Max     Std Dev       Count

Performance Statistics   2017-10-04 14:00:00 - 2017-10-04 14:01:00
Tag                                                  Avg(ms)         Min         Max     Std Dev       Count

Performance Statistics   2017-10-04 14:01:00 - 2017-10-04 14:02:00
Tag                                                  Avg(ms)         Min         Max     Std Dev       Count

Performance Statistics   2017-10-04 14:02:00 - 2017-10-04 14:03:00
Tag                                                  Avg(ms)         Min         Max     Std Dev       Count

Performance Statistics   2017-10-04 14:03:00 - 2017-10-04 14:04:00
Tag                                                  Avg(ms)         Min         Max     Std Dev       Count

Performance Statistics   2017-10-04 14:04:00 - 2017-10-04 14:05:00
Tag                                                  Avg(ms)         Min         Max     Std Dev       Count

Performance Statistics   2017-10-04 14:05:00 - 2017-10-04 14:06:00
Tag                                                  Avg(ms)         Min         Max     Std Dev       Count

Performance Statistics   2017-10-04 14:06:00 - 2017-10-04 14:07:00
Tag                                                  Avg(ms)         Min         Max     Std Dev       Count

Performance Statistics   2017-10-04 14:07:00 - 2017-10-04 14:08:00
Tag                                                  Avg(ms)         Min         Max     Std Dev       Count

Performance Statistics   2017-10-04 14:08:00 - 2017-10-04 14:09:00
Tag                                                  Avg(ms)         Min         Max     Std Dev       Count

Performance Statistics   2017-10-04 14:09:00 - 2017-10-04 14:10:00
Tag                                                  Avg(ms)         Min         Max     Std Dev       Count

Performance Statistics   2017-10-04 14:10:00 - 2017-10-04 14:11:00
Tag                                                  Avg(ms)         Min         Max     Std Dev       Count

Performance Statistics   2017-10-04 14:11:00 - 2017-10-04 14:12:00
Tag                                                  Avg(ms)         Min         Max     Std Dev       Count

Performance Statistics   2017-10-04 14:12:00 - 2017-10-04 14:13:00
Tag                                                  Avg(ms)         Min         Max     Std Dev       Count

Performance Statistics   2017-10-04 14:13:00 - 2017-10-04 14:14:00
Tag                                                  Avg(ms)         Min         Max     Std Dev       Count

Performance Statistics   2017-10-04 14:14:00 - 2017-10-04 14:15:00
Tag                                                  Avg(ms)         Min         Max     Std Dev       Count

Performance Statistics   2017-10-04 14:15:00 - 2017-10-04 14:16:00
Tag                                                  Avg(ms)         Min         Max     Std Dev       Count

Performance Statistics   2017-10-04 14:16:00 - 2017-10-04 14:17:00
Tag                                                  Avg(ms)         Min         Max     Std Dev       Count

Performance Statistics   2017-10-04 14:17:00 - 2017-10-04 14:18:00
Tag                                                  Avg(ms)         Min         Max     Std Dev       Count

Performance Statistics   2017-10-04 14:18:00 - 2017-10-04 14:19:00
Tag                                                  Avg(ms)         Min         Max     Std Dev       Count

Performance Statistics   2017-10-04 14:19:00 - 2017-10-04 14:20:00
Tag                                                  Avg(ms)         Min         Max     Std Dev       Count

Performance Statistics   2017-10-04 14:20:00 - 2017-10-04 14:21:00
Tag                                                  Avg(ms)         Min         Max     Std Dev       Count

Performance Statistics   2017-10-04 14:21:00 - 2017-10-04 14:22:00
Tag                                                  Avg(ms)         Min         Max     Std Dev       Count

Performance Statistics   2017-10-04 14:22:00 - 2017-10-04 14:23:00
Tag                                                  Avg(ms)         Min         Max     Std Dev       Count

Performance Statistics   2017-10-04 14:23:00 - 2017-10-04 14:24:00
Tag                                                  Avg(ms)         Min         Max     Std Dev       Count

Performance Statistics   2017-10-04 14:24:00 - 2017-10-04 14:25:00
Tag                                                  Avg(ms)         Min         Max     Std Dev       Count

Performance Statistics   2017-10-04 14:25:00 - 2017-10-04 14:26:00
Tag                                                  Avg(ms)         Min         Max     Std Dev       Count

Performance Statistics   2017-10-04 14:26:00 - 2017-10-04 14:27:00
Tag                                                  Avg(ms)         Min         Max     Std Dev       Count

Performance Statistics   2017-10-04 14:27:00 - 2017-10-04 14:28:00
Tag                                                  Avg(ms)         Min         Max     Std Dev       Count

Performance Statistics   2017-10-04 14:28:00 - 2017-10-04 14:29:00
Tag                                                  Avg(ms)         Min         Max     Std Dev       Count

Performance Statistics   2017-10-04 14:29:00 - 2017-10-04 14:30:00
Tag                                                  Avg(ms)         Min         Max     Std Dev       Count

Performance Statistics   2017-10-04 14:30:00 - 2017-10-04 14:31:00
Tag                                                  Avg(ms)         Min         Max     Std Dev       Count

Performance Statistics   2017-10-04 14:31:00 - 2017-10-04 14:32:00
Tag                                                  Avg(ms)         Min         Max     Std Dev       Count

Performance Statistics   2017-10-04 14:32:00 - 2017-10-04 14:33:00
Tag                                                  Avg(ms)         Min         Max     Std Dev       Count

Performance Statistics   2017-10-04 14:33:00 - 2017-10-04 14:34:00
Tag                                                  Avg(ms)         Min         Max     Std Dev       Count

Performance Statistics   2017-10-04 14:34:00 - 2017-10-04 14:35:00
Tag                                                  Avg(ms)         Min         Max     Std Dev       Count

Performance Statistics   2017-10-04 14:35:00 - 2017-10-04 14:36:00
Tag                                                  Avg(ms)         Min         Max     Std Dev       Count

Performance Statistics   2017-10-04 14:36:00 - 2017-10-04 14:37:00
Tag                                                  Avg(ms)         Min         Max     Std Dev       Count

Performance Statistics   2017-10-04 14:37:00 - 2017-10-04 14:38:00
Tag                                                  Avg(ms)         Min         Max     Std Dev       Count

Performance Statistics   2017-10-04 14:38:00 - 2017-10-04 14:39:00
Tag                                                  Avg(ms)         Min         Max     Std Dev       Count

Performance Statistics   2017-10-04 14:39:00 - 2017-10-04 14:40:00
Tag                                                  Avg(ms)         Min         Max     Std Dev       Count

Performance Statistics   2017-10-04 14:40:00 - 2017-10-04 14:41:00
Tag                                                  Avg(ms)         Min         Max     Std Dev       Count

Performance Statistics   2017-10-04 14:41:00 - 2017-10-04 14:42:00
Tag                                                  Avg(ms)         Min         Max     Std Dev       Count

Performance Statistics   2017-10-04 14:42:00 - 2017-10-04 14:43:00
Tag                                                  Avg(ms)         Min         Max     Std Dev       Count

Performance Statistics   2017-10-04 14:43:00 - 2017-10-04 14:44:00
Tag                                                  Avg(ms)         Min         Max     Std Dev       Count

Performance Statistics   2017-10-04 14:44:00 - 2017-10-04 14:45:00
Tag                                                  Avg(ms)         Min         Max     Std Dev       Count

Performance Statistics   2017-10-04 14:45:00 - 2017-10-04 14:46:00
Tag                                                  Avg(ms)         Min         Max     Std Dev       Count

Performance Statistics   2017-10-04 14:46:00 - 2017-10-04 14:47:00
Tag                                                  Avg(ms)         Min         Max     Std Dev       Count

Performance Statistics   2017-10-04 14:47:00 - 2017-10-04 14:48:00
Tag                                                  Avg(ms)         Min         Max     Std Dev       Count

Performance Statistics   2017-10-04 14:48:00 - 2017-10-04 14:49:00
Tag                                                  Avg(ms)         Min         Max     Std Dev       Count

Performance Statistics   2017-10-04 14:49:00 - 2017-10-04 14:50:00
Tag                                                  Avg(ms)         Min         Max     Std Dev       Count

Performance Statistics   2017-10-04 14:50:00 - 2017-10-04 14:51:00
Tag                                                  Avg(ms)         Min         Max     Std Dev       Count

Performance Statistics   2017-10-04 14:51:00 - 2017-10-04 14:52:00
Tag                                                  Avg(ms)         Min         Max     Std Dev       Count

Performance Statistics   2017-10-04 14:52:00 - 2017-10-04 14:53:00
Tag                                                  Avg(ms)         Min         Max     Std Dev       Count

Performance Statistics   2017-10-04 14:53:00 - 2017-10-04 14:54:00
Tag                                                  Avg(ms)         Min         Max     Std Dev       Count

Performance Statistics   2017-10-04 14:54:00 - 2017-10-04 14:55:00
Tag                                                  Avg(ms)         Min         Max     Std Dev       Count

Performance Statistics   2017-10-04 14:55:00 - 2017-10-04 14:56:00
Tag                                                  Avg(ms)         Min         Max     Std Dev       Count

Performance Statistics   2017-10-04 14:56:00 - 2017-10-04 14:57:00
Tag                                                  Avg(ms)         Min         Max     Std Dev       Count

Performance Statistics   2017-10-04 14:57:00 - 2017-10-04 14:58:00
Tag                                                  Avg(ms)         Min         Max     Std Dev       Count

Performance Statistics   2017-10-04 14:58:00 - 2017-10-04 14:59:00
Tag                                                  Avg(ms)         Min         Max     Std Dev       Count

Performance Statistics   2017-10-04 14:59:00 - 2017-10-04 15:00:00
Tag                                                  Avg(ms)         Min         Max     Std Dev       Count

Performance Statistics   2017-10-04 15:00:00 - 2017-10-04 15:01:00
Tag                                                  Avg(ms)         Min         Max     Std Dev       Count

Performance Statistics   2017-10-04 15:01:00 - 2017-10-04 15:02:00
Tag                                                  Avg(ms)         Min         Max     Std Dev       Count

Performance Statistics   2017-10-04 15:02:00 - 2017-10-04 15:03:00
Tag                                                  Avg(ms)         Min         Max     Std Dev       Count

Performance Statistics   2017-10-04 15:03:00 - 2017-10-04 15:04:00
Tag                                                  Avg(ms)         Min         Max     Std Dev       Count

Performance Statistics   2017-10-04 15:04:00 - 2017-10-04 15:05:00
Tag                                                  Avg(ms)         Min         Max     Std Dev       Count

Performance Statistics   2017-10-04 15:05:00 - 2017-10-04 15:06:00
Tag                                                  Avg(ms)         Min         Max     Std Dev       Count

Performance Statistics   2017-10-04 15:06:00 - 2017-10-04 15:07:00
Tag                                                  Avg(ms)         Min         Max     Std Dev       Count

Performance Statistics   2017-10-04 15:07:00 - 2017-10-04 15:08:00
Tag                                                  Avg(ms)         Min         Max     Std Dev       Count

Performance Statistics   2017-10-04 15:08:00 - 2017-10-04 15:09:00
Tag                                                  Avg(ms)         Min         Max     Std Dev       Count

Performance Statistics   2017-10-04 15:09:00 - 2017-10-04 15:10:00
Tag                                                  Avg(ms)         Min         Max     Std Dev       Count

Performance Statistics   2017-10-04 15:10:00 - 2017-10-04 15:11:00
Tag                                                  Avg(ms)         Min         Max     Std Dev       Count

Performance Statistics   2017-10-04 15:11:00 - 2017-10-04 15:12:00
Tag                                                  Avg(ms)         Min         Max     Std Dev       Count

Performance Statistics   2017-10-04 15:12:00 - 2017-10-04 15:13:00
Tag                                                  Avg(ms)         Min         Max     Std Dev       Count

Performance Statistics   2017-10-04 15:13:00 - 2017-10-04 15:14:00
Tag                                                  Avg(ms)         Min         Max     Std Dev       Count

Performance Statistics   2017-10-04 15:14:00 - 2017-10-04 15:15:00
Tag                                                  Avg(ms)         Min         Max     Std Dev       Count

Performance Statistics   2017-10-04 15:15:00 - 2017-10-04 15:16:00
Tag                                                  Avg(ms)         Min         Max     Std Dev       Count

Performance Statistics   2017-10-04 15:16:00 - 2017-10-04 15:17:00
Tag                                                  Avg(ms)         Min         Max     Std Dev       Count

Performance Statistics   2017-10-04 15:17:00 - 2017-10-04 15:18:00
Tag                                                  Avg(ms)         Min         Max     Std Dev       Count

Performance Statistics   2017-10-04 15:18:00 - 2017-10-04 15:19:00
Tag                                                  Avg(ms)         Min         Max     Std Dev       Count

Performance Statistics   2017-10-04 15:19:00 - 2017-10-04 15:20:00
Tag                                                  Avg(ms)         Min         Max     Std Dev       Count

Performance Statistics   2017-10-04 15:20:00 - 2017-10-04 15:21:00
Tag                                                  Avg(ms)         Min         Max     Std Dev       Count

Performance Statistics   2017-10-04 15:21:00 - 2017-10-04 15:22:00
Tag                                                  Avg(ms)         Min         Max     Std Dev       Count

Performance Statistics   2017-10-04 15:22:00 - 2017-10-04 15:23:00
Tag                                                  Avg(ms)         Min         Max     Std Dev       Count

Performance Statistics   2017-10-04 15:23:00 - 2017-10-04 15:24:00
Tag                                                  Avg(ms)         Min         Max     Std Dev       Count

Performance Statistics   2017-10-04 15:24:00 - 2017-10-04 15:25:00
Tag                                                  Avg(ms)         Min         Max     Std Dev       Count

Performance Statistics   2017-10-04 15:25:00 - 2017-10-04 15:26:00
Tag                                                  Avg(ms)         Min         Max     Std Dev       Count

Performance Statistics   2017-10-04 15:26:00 - 2017-10-04 15:27:00
Tag                                                  Avg(ms)         Min         Max     Std Dev       Count

Performance Statistics   2017-10-04 15:27:00 - 2017-10-04 15:28:00
Tag                                                  Avg(ms)         Min         Max     Std Dev       Count

Performance Statistics   2017-10-04 15:28:00 - 2017-10-04 15:29:00
Tag                                                  Avg(ms)         Min         Max     Std Dev       Count

Performance Statistics   2017-10-04 15:29:00 - 2017-10-04 15:30:00
Tag                                                  Avg(ms)         Min         Max     Std Dev       Count

Performance Statistics   2017-10-04 15:30:00 - 2017-10-04 15:31:00
Tag                                                  Avg(ms)         Min         Max     Std Dev       Count

Performance Statistics   2017-10-04 15:31:00 - 2017-10-04 15:32:00
Tag                                                  Avg(ms)         Min         Max     Std Dev       Count

Performance Statistics   2017-10-04 15:32:00 - 2017-10-04 15:33:00
Tag                                                  Avg(ms)         Min         Max     Std Dev       Count

Performance Statistics   2017-10-04 15:33:00 - 2017-10-04 15:34:00
Tag                                                  Avg(ms)         Min         Max     Std Dev       Count

Performance Statistics   2017-10-04 15:34:00 - 2017-10-04 15:35:00
Tag                                                  Avg(ms)         Min         Max     Std Dev       Count

Performance Statistics   2017-10-04 15:35:00 - 2017-10-04 15:36:00
Tag                                                  Avg(ms)         Min         Max     Std Dev       Count

Performance Statistics   2017-10-04 15:36:00 - 2017-10-04 15:37:00
Tag                                                  Avg(ms)         Min         Max     Std Dev       Count

Performance Statistics   2017-10-04 15:37:00 - 2017-10-04 15:38:00
Tag                                                  Avg(ms)         Min         Max     Std Dev       Count

Performance Statistics   2017-10-04 15:38:00 - 2017-10-04 15:39:00
Tag                                                  Avg(ms)         Min         Max     Std Dev       Count

Performance Statistics   2017-10-04 15:39:00 - 2017-10-04 15:40:00
Tag                                                  Avg(ms)         Min         Max     Std Dev       Count

Performance Statistics   2017-10-04 15:40:00 - 2017-10-04 15:41:00
Tag                                                  Avg(ms)         Min         Max     Std Dev       Count

Performance Statistics   2017-10-04 15:41:00 - 2017-10-04 15:42:00
Tag                                                  Avg(ms)         Min         Max     Std Dev       Count

Performance Statistics   2017-10-04 15:42:00 - 2017-10-04 15:43:00
Tag                                                  Avg(ms)         Min         Max     Std Dev       Count

Performance Statistics   2017-10-04 15:43:00 - 2017-10-04 15:44:00
Tag                                                  Avg(ms)         Min         Max     Std Dev       Count

Performance Statistics   2017-10-04 15:44:00 - 2017-10-04 15:45:00
Tag                                                  Avg(ms)         Min         Max     Std Dev       Count

Performance Statistics   2017-10-04 15:45:00 - 2017-10-04 15:46:00
Tag                                                  Avg(ms)         Min         Max     Std Dev       Count

Performance Statistics   2017-10-04 15:46:00 - 2017-10-04 15:47:00
Tag                                                  Avg(ms)         Min         Max     Std Dev       Count

Performance Statistics   2017-10-04 15:47:00 - 2017-10-04 15:48:00
Tag                                                  Avg(ms)         Min         Max     Std Dev       Count

Performance Statistics   2017-10-04 15:48:00 - 2017-10-04 15:49:00
Tag                                                  Avg(ms)         Min         Max     Std Dev       Count

Performance Statistics   2017-10-04 15:49:00 - 2017-10-04 15:50:00
Tag                                                  Avg(ms)         Min         Max     Std Dev       Count

Performance Statistics   2017-10-04 15:50:00 - 2017-10-04 15:51:00
Tag                                                  Avg(ms)         Min         Max     Std Dev       Count

Performance Statistics   2017-10-04 15:51:00 - 2017-10-04 15:52:00
Tag                                                  Avg(ms)         Min         Max     Std Dev       Count

Performance Statistics   2017-10-04 15:52:00 - 2017-10-04 15:53:00
Tag                                                  Avg(ms)         Min         Max     Std Dev       Count

Performance Statistics   2017-10-04 15:53:00 - 2017-10-04 15:54:00
Tag                                                  Avg(ms)         Min         Max     Std Dev       Count

Performance Statistics   2017-10-04 15:54:00 - 2017-10-04 15:55:00
Tag                                                  Avg(ms)         Min         Max     Std Dev       Count

Performance Statistics   2017-10-04 15:55:00 - 2017-10-04 15:56:00
Tag                                                  Avg(ms)         Min         Max     Std Dev       Count

Performance Statistics   2017-10-04 15:56:00 - 2017-10-04 15:57:00
Tag                                                  Avg(ms)         Min         Max     Std Dev       Count

Performance Statistics   2017-10-04 15:57:00 - 2017-10-04 15:58:00
Tag                                                  Avg(ms)         Min         Max     Std Dev       Count

Performance Statistics   2017-10-04 15:58:00 - 2017-10-04 15:59:00
Tag                                                  Avg(ms)         Min         Max     Std Dev       Count

Performance Statistics   2017-10-04 15:59:00 - 2017-10-04 16:00:00
Tag                                                  Avg(ms)         Min         Max     Std Dev       Count

Performance Statistics   2017-10-04 16:00:00 - 2017-10-04 16:01:00
Tag                                                  Avg(ms)         Min         Max     Std Dev       Count

Performance Statistics   2017-10-04 16:01:00 - 2017-10-04 16:02:00
Tag                                                  Avg(ms)         Min         Max     Std Dev       Count

Performance Statistics   2017-10-04 16:02:00 - 2017-10-04 16:03:00
Tag                                                  Avg(ms)         Min         Max     Std Dev       Count

Performance Statistics   2017-10-04 16:03:00 - 2017-10-04 16:04:00
Tag                                                  Avg(ms)         Min         Max     Std Dev       Count

Performance Statistics   2017-10-04 16:04:00 - 2017-10-04 16:05:00
Tag                                                  Avg(ms)         Min         Max     Std Dev       Count

Performance Statistics   2017-10-04 16:05:00 - 2017-10-04 16:06:00
Tag                                                  Avg(ms)         Min         Max     Std Dev       Count

Performance Statistics   2017-10-04 16:06:00 - 2017-10-04 16:07:00
Tag                                                  Avg(ms)         Min         Max     Std Dev       Count

Performance Statistics   2017-10-04 16:07:00 - 2017-10-04 16:08:00
Tag                                                  Avg(ms)         Min         Max     Std Dev       Count

Performance Statistics   2017-10-04 16:08:00 - 2017-10-04 16:09:00
Tag                                                  Avg(ms)         Min         Max     Std Dev       Count

Performance Statistics   2017-10-04 16:09:00 - 2017-10-04 16:10:00
Tag                                                  Avg(ms)         Min         Max     Std Dev       Count

Performance Statistics   2017-10-09 07:01:00 - 2017-10-09 07:02:00
Tag                                                  Avg(ms)         Min         Max     Std Dev       Count

Performance Statistics   2017-10-09 07:02:00 - 2017-10-09 07:03:00
Tag                                                  Avg(ms)         Min         Max     Std Dev       Count

Performance Statistics   2017-10-09 07:03:00 - 2017-10-09 07:04:00
Tag                                                  Avg(ms)         Min         Max     Std Dev       Count

Performance Statistics   2017-10-09 07:04:00 - 2017-10-09 07:05:00
Tag                                                  Avg(ms)         Min         Max     Std Dev       Count

Performance Statistics   2017-10-09 07:05:00 - 2017-10-09 07:06:00
Tag                                                  Avg(ms)         Min         Max     Std Dev       Count

Performance Statistics   2017-10-09 07:06:00 - 2017-10-09 07:07:00
Tag                                                  Avg(ms)         Min         Max     Std Dev       Count

Performance Statistics   2017-10-09 07:07:00 - 2017-10-09 07:08:00
Tag                                                  Avg(ms)         Min         Max     Std Dev       Count

Performance Statistics   2017-10-09 07:08:00 - 2017-10-09 07:09:00
Tag                                                  Avg(ms)         Min         Max     Std Dev       Count

Performance Statistics   2017-10-09 07:09:00 - 2017-10-09 07:10:00
Tag                                                  Avg(ms)         Min         Max     Std Dev       Count

Performance Statistics   2017-10-09 07:10:00 - 2017-10-09 07:11:00
Tag                                                  Avg(ms)         Min         Max     Std Dev       Count

Performance Statistics   2017-10-09 07:11:00 - 2017-10-09 07:12:00
Tag                                                  Avg(ms)         Min         Max     Std Dev       Count

Performance Statistics   2017-10-09 07:12:00 - 2017-10-09 07:13:00
Tag                                                  Avg(ms)         Min         Max     Std Dev       Count

Performance Statistics   2017-10-09 07:13:00 - 2017-10-09 07:14:00
Tag                                                  Avg(ms)         Min         Max     Std Dev       Count

Performance Statistics   2017-10-09 07:14:00 - 2017-10-09 07:15:00
Tag                                                  Avg(ms)         Min         Max     Std Dev       Count

Performance Statistics   2017-10-09 07:15:00 - 2017-10-09 07:16:00
Tag                                                  Avg(ms)         Min         Max     Std Dev       Count

Performance Statistics   2017-10-09 07:16:00 - 2017-10-09 07:17:00
Tag                                                  Avg(ms)         Min         Max     Std Dev       Count

Performance Statistics   2017-10-09 07:17:00 - 2017-10-09 07:18:00
Tag                                                  Avg(ms)         Min         Max     Std Dev       Count

Performance Statistics   2017-10-09 07:18:00 - 2017-10-09 07:19:00
Tag                                                  Avg(ms)         Min         Max     Std Dev       Count

Performance Statistics   2017-10-09 07:19:00 - 2017-10-09 07:20:00
Tag                                                  Avg(ms)         Min         Max     Std Dev       Count

Performance Statistics   2017-10-09 07:20:00 - 2017-10-09 07:21:00
Tag                                                  Avg(ms)         Min         Max     Std Dev       Count

Performance Statistics   2017-10-09 07:21:00 - 2017-10-09 07:22:00
Tag                                                  Avg(ms)         Min         Max     Std Dev       Count

Performance Statistics   2017-10-09 07:22:00 - 2017-10-09 07:23:00
Tag                                                  Avg(ms)         Min         Max     Std Dev       Count

Performance Statistics   2017-10-09 07:23:00 - 2017-10-09 07:24:00
Tag                                                  Avg(ms)         Min         Max     Std Dev       Count

Performance Statistics   2017-10-09 07:24:00 - 2017-10-09 07:25:00
Tag                                                  Avg(ms)         Min         Max     Std Dev       Count

Performance Statistics   2017-10-09 07:25:00 - 2017-10-09 07:26:00
Tag                                                  Avg(ms)         Min         Max     Std Dev       Count

Performance Statistics   2017-10-09 07:26:00 - 2017-10-09 07:27:00
Tag                                                  Avg(ms)         Min         Max     Std Dev       Count

Performance Statistics   2017-10-09 07:27:00 - 2017-10-09 07:28:00
Tag                                                  Avg(ms)         Min         Max     Std Dev       Count

Performance Statistics   2017-10-09 07:28:00 - 2017-10-09 07:29:00
Tag                                                  Avg(ms)         Min         Max     Std Dev       Count

Performance Statistics   2017-10-09 07:29:00 - 2017-10-09 07:30:00
Tag                                                  Avg(ms)         Min         Max     Std Dev       Count

Performance Statistics   2017-10-09 07:30:00 - 2017-10-09 07:31:00
Tag                                                  Avg(ms)         Min         Max     Std Dev       Count

Performance Statistics   2017-10-09 07:31:00 - 2017-10-09 07:32:00
Tag                                                  Avg(ms)         Min         Max     Std Dev       Count

Performance Statistics   2017-10-09 07:32:00 - 2017-10-09 07:33:00
Tag                                                  Avg(ms)         Min         Max     Std Dev       Count

Performance Statistics   2017-10-09 07:33:00 - 2017-10-09 07:34:00
Tag                                                  Avg(ms)         Min         Max     Std Dev       Count

Performance Statistics   2017-10-09 07:34:00 - 2017-10-09 07:35:00
Tag                                                  Avg(ms)         Min         Max     Std Dev       Count

Performance Statistics   2017-10-09 07:35:00 - 2017-10-09 07:36:00
Tag                                                  Avg(ms)         Min         Max     Std Dev       Count

Performance Statistics   2017-10-09 07:36:00 - 2017-10-09 07:37:00
Tag                                                  Avg(ms)         Min         Max     Std Dev       Count

Performance Statistics   2017-10-09 07:37:00 - 2017-10-09 07:38:00
Tag                                                  Avg(ms)         Min         Max     Std Dev       Count

Performance Statistics   2017-10-09 07:38:00 - 2017-10-09 07:39:00
Tag                                                  Avg(ms)         Min         Max     Std Dev       Count

Performance Statistics   2017-10-09 07:39:00 - 2017-10-09 07:40:00
Tag                                                  Avg(ms)         Min         Max     Std Dev       Count

Performance Statistics   2017-10-09 07:40:00 - 2017-10-09 07:41:00
Tag                                                  Avg(ms)         Min         Max     Std Dev       Count

Performance Statistics   2017-10-09 07:41:00 - 2017-10-09 07:42:00
Tag                                                  Avg(ms)         Min         Max     Std Dev       Count

Performance Statistics   2017-10-09 07:42:00 - 2017-10-09 07:43:00
Tag                                                  Avg(ms)         Min         Max     Std Dev       Count

Performance Statistics   2017-10-09 07:43:00 - 2017-10-09 07:44:00
Tag                                                  Avg(ms)         Min         Max     Std Dev       Count

Performance Statistics   2017-10-09 07:44:00 - 2017-10-09 07:45:00
Tag                                                  Avg(ms)         Min         Max     Std Dev       Count

Performance Statistics   2017-10-09 07:45:00 - 2017-10-09 07:46:00
Tag                                                  Avg(ms)         Min         Max     Std Dev       Count

Performance Statistics   2017-10-09 07:46:00 - 2017-10-09 07:47:00
Tag                                                  Avg(ms)         Min         Max     Std Dev       Count

Performance Statistics   2017-10-09 07:47:00 - 2017-10-09 07:48:00
Tag                                                  Avg(ms)         Min         Max     Std Dev       Count

Performance Statistics   2017-10-09 07:48:00 - 2017-10-09 07:49:00
Tag                                                  Avg(ms)         Min         Max     Std Dev       Count

Performance Statistics   2017-10-09 07:49:00 - 2017-10-09 07:50:00
Tag                                                  Avg(ms)         Min         Max     Std Dev       Count

Performance Statistics   2017-10-09 07:50:00 - 2017-10-09 07:51:00
Tag                                                  Avg(ms)         Min         Max     Std Dev       Count

Performance Statistics   2017-10-09 07:51:00 - 2017-10-09 07:52:00
Tag                                                  Avg(ms)         Min         Max     Std Dev       Count

Performance Statistics   2017-10-09 07:52:00 - 2017-10-09 07:53:00
Tag                                                  Avg(ms)         Min         Max     Std Dev       Count

Performance Statistics   2017-10-09 07:53:00 - 2017-10-09 07:54:00
Tag                                                  Avg(ms)         Min         Max     Std Dev       Count

Performance Statistics   2017-10-09 07:54:00 - 2017-10-09 07:55:00
Tag                                                  Avg(ms)         Min         Max     Std Dev       Count

Performance Statistics   2017-10-09 07:55:00 - 2017-10-09 07:56:00
Tag                                                  Avg(ms)         Min         Max     Std Dev       Count

Performance Statistics   2017-10-09 07:56:00 - 2017-10-09 07:57:00
Tag                                                  Avg(ms)         Min         Max     Std Dev       Count

Performance Statistics   2017-10-09 07:57:00 - 2017-10-09 07:58:00
Tag                                                  Avg(ms)         Min         Max     Std Dev       Count

Performance Statistics   2017-10-09 07:58:00 - 2017-10-09 07:59:00
Tag                                                  Avg(ms)         Min         Max     Std Dev       Count

Performance Statistics   2017-10-09 07:59:00 - 2017-10-09 08:00:00
Tag                                                  Avg(ms)         Min         Max     Std Dev       Count

Performance Statistics   2017-10-09 08:00:00 - 2017-10-09 08:01:00
Tag                                                  Avg(ms)         Min         Max     Std Dev       Count

Performance Statistics   2017-10-09 08:01:00 - 2017-10-09 08:02:00
Tag                                                  Avg(ms)         Min         Max     Std Dev       Count

Performance Statistics   2017-10-09 08:02:00 - 2017-10-09 08:03:00
Tag                                                  Avg(ms)         Min         Max     Std Dev       Count

Performance Statistics   2017-10-09 08:03:00 - 2017-10-09 08:04:00
Tag                                                  Avg(ms)         Min         Max     Std Dev       Count

Performance Statistics   2017-10-09 08:04:00 - 2017-10-09 08:05:00
Tag                                                  Avg(ms)         Min         Max     Std Dev       Count

Performance Statistics   2017-10-09 08:05:00 - 2017-10-09 08:06:00
Tag                                                  Avg(ms)         Min         Max     Std Dev       Count

Performance Statistics   2017-10-09 08:06:00 - 2017-10-09 08:07:00
Tag                                                  Avg(ms)         Min         Max     Std Dev       Count
CREATE_TICKET_GRANTING_TICKET                           14.0          14          14         0.0           1
GRANT_SERVICE_TICKET                                     1.5           1           2         0.5           2

Performance Statistics   2017-10-09 08:07:00 - 2017-10-09 08:08:00
Tag                                                  Avg(ms)         Min         Max     Std Dev       Count

Performance Statistics   2017-10-09 08:08:00 - 2017-10-09 08:09:00
Tag                                                  Avg(ms)         Min         Max     Std Dev       Count
CREATE_TICKET_GRANTING_TICKET                            1.0           1           1         0.0           1
GRANT_SERVICE_TICKET                                     0.0           0           0         0.0           1

Performance Statistics   2017-10-09 08:09:00 - 2017-10-09 08:10:00
Tag                                                  Avg(ms)         Min         Max     Std Dev       Count

Performance Statistics   2017-10-09 08:10:00 - 2017-10-09 08:11:00
Tag                                                  Avg(ms)         Min         Max     Std Dev       Count

Performance Statistics   2017-10-09 08:11:00 - 2017-10-09 08:12:00
Tag                                                  Avg(ms)         Min         Max     Std Dev       Count

Performance Statistics   2017-10-09 08:12:00 - 2017-10-09 08:13:00
Tag                                                  Avg(ms)         Min         Max     Std Dev       Count
CREATE_TICKET_GRANTING_TICKET                            0.0           0           0         0.0           1
GRANT_PROXY_GRANTING_TICKET                              1.0           1           1         0.0           1
GRANT_SERVICE_TICKET                                     0.0           0           0         0.0           1
VALIDATE_SERVICE_TICKET                                  3.0           3           3         0.0           1

Performance Statistics   2017-10-09 08:13:00 - 2017-10-09 08:14:00
Tag                                                  Avg(ms)         Min         Max     Std Dev       Count

Performance Statistics   2017-10-09 08:14:00 - 2017-10-09 08:15:00
Tag                                                  Avg(ms)         Min         Max     Std Dev       Count

Performance Statistics   2017-10-09 08:15:00 - 2017-10-09 08:16:00
Tag                                                  Avg(ms)         Min         Max     Std Dev       Count

Performance Statistics   2017-10-09 08:16:00 - 2017-10-09 08:17:00
Tag                                                  Avg(ms)         Min         Max     Std Dev       Count

Performance Statistics   2017-10-09 08:17:00 - 2017-10-09 08:18:00
Tag                                                  Avg(ms)         Min         Max     Std Dev       Count

Performance Statistics   2017-10-09 08:18:00 - 2017-10-09 08:19:00
Tag                                                  Avg(ms)         Min         Max     Std Dev       Count

Performance Statistics   2017-10-09 08:19:00 - 2017-10-09 08:20:00
Tag                                                  Avg(ms)         Min         Max     Std Dev       Count

Performance Statistics   2017-10-09 08:20:00 - 2017-10-09 08:21:00
Tag                                                  Avg(ms)         Min         Max     Std Dev       Count

Performance Statistics   2017-10-09 08:21:00 - 2017-10-09 08:22:00
Tag                                                  Avg(ms)         Min         Max     Std Dev       Count

Performance Statistics   2017-10-09 08:22:00 - 2017-10-09 08:23:00
Tag                                                  Avg(ms)         Min         Max     Std Dev       Count

Performance Statistics   2017-10-09 08:23:00 - 2017-10-09 08:24:00
Tag                                                  Avg(ms)         Min         Max     Std Dev       Count

Performance Statistics   2017-10-09 08:24:00 - 2017-10-09 08:25:00
Tag                                                  Avg(ms)         Min         Max     Std Dev       Count

Performance Statistics   2017-10-09 08:25:00 - 2017-10-09 08:26:00
Tag                                                  Avg(ms)         Min         Max     Std Dev       Count

Performance Statistics   2017-10-09 08:26:00 - 2017-10-09 08:27:00
Tag                                                  Avg(ms)         Min         Max     Std Dev       Count

Performance Statistics   2017-10-09 08:27:00 - 2017-10-09 08:28:00
Tag                                                  Avg(ms)         Min         Max     Std Dev       Count

Performance Statistics   2017-10-09 08:28:00 - 2017-10-09 08:29:00
Tag                                                  Avg(ms)         Min         Max     Std Dev       Count
GRANT_PROXY_GRANTING_TICKET                              0.0           0           0         0.0           1
GRANT_SERVICE_TICKET                                     1.0           1           1         0.0           1
VALIDATE_SERVICE_TICKET                                  0.0           0           0         0.0           1

Performance Statistics   2017-10-09 08:29:00 - 2017-10-09 08:30:00
Tag                                                  Avg(ms)         Min         Max     Std Dev       Count

Performance Statistics   2017-10-09 08:30:00 - 2017-10-09 08:31:00
Tag                                                  Avg(ms)         Min         Max     Std Dev       Count

Performance Statistics   2017-10-09 08:31:00 - 2017-10-09 08:32:00
Tag                                                  Avg(ms)         Min         Max     Std Dev       Count

Performance Statistics   2017-10-09 08:32:00 - 2017-10-09 08:33:00
Tag                                                  Avg(ms)         Min         Max     Std Dev       Count

Performance Statistics   2017-10-09 08:33:00 - 2017-10-09 08:34:00
Tag                                                  Avg(ms)         Min         Max     Std Dev       Count

Performance Statistics   2017-10-09 08:34:00 - 2017-10-09 08:35:00
Tag                                                  Avg(ms)         Min         Max     Std Dev       Count

Performance Statistics   2017-10-09 08:35:00 - 2017-10-09 08:36:00
Tag                                                  Avg(ms)         Min         Max     Std Dev       Count

Performance Statistics   2017-10-09 08:36:00 - 2017-10-09 08:37:00
Tag                                                  Avg(ms)         Min         Max     Std Dev       Count

Performance Statistics   2017-10-09 08:37:00 - 2017-10-09 08:38:00
Tag                                                  Avg(ms)         Min         Max     Std Dev       Count

Performance Statistics   2017-10-09 08:38:00 - 2017-10-09 08:39:00
Tag                                                  Avg(ms)         Min         Max     Std Dev       Count

Performance Statistics   2017-10-09 08:39:00 - 2017-10-09 08:40:00
Tag                                                  Avg(ms)         Min         Max     Std Dev       Count

Performance Statistics   2017-10-09 08:40:00 - 2017-10-09 08:41:00
Tag                                                  Avg(ms)         Min         Max     Std Dev       Count

Performance Statistics   2017-10-09 08:41:00 - 2017-10-09 08:42:00
Tag                                                  Avg(ms)         Min         Max     Std Dev       Count

Performance Statistics   2017-10-09 08:48:00 - 2017-10-09 08:49:00
Tag                                                  Avg(ms)         Min         Max     Std Dev       Count

Performance Statistics   2017-10-09 08:49:00 - 2017-10-09 08:50:00
Tag                                                  Avg(ms)         Min         Max     Std Dev       Count

Performance Statistics   2017-10-09 08:50:00 - 2017-10-09 08:51:00
Tag                                                  Avg(ms)         Min         Max     Std Dev       Count

Performance Statistics   2017-10-09 08:51:00 - 2017-10-09 08:52:00
Tag                                                  Avg(ms)         Min         Max     Std Dev       Count

Performance Statistics   2017-10-09 08:52:00 - 2017-10-09 08:53:00
Tag                                                  Avg(ms)         Min         Max     Std Dev       Count

Performance Statistics   2017-10-09 08:53:00 - 2017-10-09 08:54:00
Tag                                                  Avg(ms)         Min         Max     Std Dev       Count

Performance Statistics   2017-10-09 08:54:00 - 2017-10-09 08:55:00
Tag                                                  Avg(ms)         Min         Max     Std Dev       Count

Performance Statistics   2017-10-09 08:55:00 - 2017-10-09 08:56:00
Tag                                                  Avg(ms)         Min         Max     Std Dev       Count

Performance Statistics   2017-10-09 08:56:00 - 2017-10-09 08:57:00
Tag                                                  Avg(ms)         Min         Max     Std Dev       Count

Performance Statistics   2017-10-09 08:57:00 - 2017-10-09 08:58:00
Tag                                                  Avg(ms)         Min         Max     Std Dev       Count
CREATE_TICKET_GRANTING_TICKET                            0.0           0           0         0.0           1
GRANT_PROXY_GRANTING_TICKET                              0.0           0           0         0.0           1
GRANT_SERVICE_TICKET                                     1.0           1           1         0.0           1
VALIDATE_SERVICE_TICKET                                  0.0           0           0         0.0           1

Performance Statistics   2017-10-09 08:58:00 - 2017-10-09 08:59:00
Tag                                                  Avg(ms)         Min         Max     Std Dev       Count

Performance Statistics   2017-10-09 08:59:00 - 2017-10-09 09:00:00
Tag                                                  Avg(ms)         Min         Max     Std Dev       Count
CREATE_TICKET_GRANTING_TICKET                            1.0           1           1         0.0           1
GRANT_PROXY_GRANTING_TICKET                              0.0           0           0         0.0           3
GRANT_SERVICE_TICKET                                     0.7           0           1         0.5           3
VALIDATE_SERVICE_TICKET                                  0.3           0           1         0.5           3

Performance Statistics   2017-10-09 09:00:00 - 2017-10-09 09:01:00
Tag                                                  Avg(ms)         Min         Max     Std Dev       Count

Performance Statistics   2017-10-09 09:01:00 - 2017-10-09 09:02:00
Tag                                                  Avg(ms)         Min         Max     Std Dev       Count
GRANT_PROXY_GRANTING_TICKET                              0.0           0           0         0.0           1
GRANT_SERVICE_TICKET                                     0.0           0           0         0.0           1
VALIDATE_SERVICE_TICKET                                  0.0           0           0         0.0           1

Performance Statistics   2017-10-09 09:02:00 - 2017-10-09 09:03:00
Tag                                                  Avg(ms)         Min         Max     Std Dev       Count

Performance Statistics   2017-10-09 09:03:00 - 2017-10-09 09:04:00
Tag                                                  Avg(ms)         Min         Max     Std Dev       Count

Performance Statistics   2017-10-09 09:04:00 - 2017-10-09 09:05:00
Tag                                                  Avg(ms)         Min         Max     Std Dev       Count
GRANT_PROXY_GRANTING_TICKET                              0.5           0           1         0.5           2
GRANT_SERVICE_TICKET                                     1.0           1           1         0.0           2
VALIDATE_SERVICE_TICKET                                  0.0           0           0         0.0           2

Performance Statistics   2017-10-09 09:05:00 - 2017-10-09 09:06:00
Tag                                                  Avg(ms)         Min         Max     Std Dev       Count

Performance Statistics   2017-10-09 09:06:00 - 2017-10-09 09:07:00
Tag                                                  Avg(ms)         Min         Max     Std Dev       Count

Performance Statistics   2017-10-09 09:07:00 - 2017-10-09 09:08:00
Tag                                                  Avg(ms)         Min         Max     Std Dev       Count

Performance Statistics   2017-10-09 09:08:00 - 2017-10-09 09:09:00
Tag                                                  Avg(ms)         Min         Max     Std Dev       Count

Performance Statistics   2017-10-09 09:09:00 - 2017-10-09 09:10:00
Tag                                                  Avg(ms)         Min         Max     Std Dev       Count

Performance Statistics   2017-10-09 09:10:00 - 2017-10-09 09:11:00
Tag                                                  Avg(ms)         Min         Max     Std Dev       Count

Performance Statistics   2017-10-09 09:11:00 - 2017-10-09 09:12:00
Tag                                                  Avg(ms)         Min         Max     Std Dev       Count
GRANT_PROXY_GRANTING_TICKET                              0.5           0           1         0.5           2
GRANT_SERVICE_TICKET                                     1.0           1           1         0.0           2
VALIDATE_SERVICE_TICKET                                  0.0           0           0         0.0           2

Performance Statistics   2017-10-09 09:12:00 - 2017-10-09 09:13:00
Tag                                                  Avg(ms)         Min         Max     Std Dev       Count

Performance Statistics   2017-10-09 09:13:00 - 2017-10-09 09:14:00
Tag                                                  Avg(ms)         Min         Max     Std Dev       Count

Performance Statistics   2017-10-09 09:14:00 - 2017-10-09 09:15:00
Tag                                                  Avg(ms)         Min         Max     Std Dev       Count
GRANT_PROXY_GRANTING_TICKET                              0.0           0           0         0.0           1
GRANT_SERVICE_TICKET                                     1.0           1           1         0.0           1
VALIDATE_SERVICE_TICKET                                  0.0           0           0         0.0           1

Performance Statistics   2017-10-09 09:15:00 - 2017-10-09 09:16:00
Tag                                                  Avg(ms)         Min         Max     Std Dev       Count

Performance Statistics   2017-10-09 09:16:00 - 2017-10-09 09:17:00
Tag                                                  Avg(ms)         Min         Max     Std Dev       Count

Performance Statistics   2017-10-09 09:17:00 - 2017-10-09 09:18:00
Tag                                                  Avg(ms)         Min         Max     Std Dev       Count

Performance Statistics   2017-10-09 09:18:00 - 2017-10-09 09:19:00
Tag                                                  Avg(ms)         Min         Max     Std Dev       Count

Performance Statistics   2017-10-09 09:19:00 - 2017-10-09 09:20:00
Tag                                                  Avg(ms)         Min         Max     Std Dev       Count

Performance Statistics   2017-10-09 09:20:00 - 2017-10-09 09:21:00
Tag                                                  Avg(ms)         Min         Max     Std Dev       Count

Performance Statistics   2017-10-09 09:21:00 - 2017-10-09 09:22:00
Tag                                                  Avg(ms)         Min         Max     Std Dev       Count

Performance Statistics   2017-10-09 09:22:00 - 2017-10-09 09:23:00
Tag                                                  Avg(ms)         Min         Max     Std Dev       Count

Performance Statistics   2017-10-09 09:23:00 - 2017-10-09 09:24:00
Tag                                                  Avg(ms)         Min         Max     Std Dev       Count

Performance Statistics   2017-10-09 09:24:00 - 2017-10-09 09:25:00
Tag                                                  Avg(ms)         Min         Max     Std Dev       Count

Performance Statistics   2017-10-09 09:25:00 - 2017-10-09 09:26:00
Tag                                                  Avg(ms)         Min         Max     Std Dev       Count

Performance Statistics   2017-10-09 09:26:00 - 2017-10-09 09:27:00
Tag                                                  Avg(ms)         Min         Max     Std Dev       Count

Performance Statistics   2017-10-09 09:27:00 - 2017-10-09 09:28:00
Tag                                                  Avg(ms)         Min         Max     Std Dev       Count

